C:\USERS\SCORPION\DOCUMENTS\VISUAL STUDIO 2012\PROJECTS\PFE\PFE\DEBUG\CALCULLOIS.OBJ
C:\USERS\SCORPION\DOCUMENTS\VISUAL STUDIO 2012\PROJECTS\PFE\PFE\DEBUG\CALCUL_MATRICE.OBJ
C:\USERS\SCORPION\DOCUMENTS\VISUAL STUDIO 2012\PROJECTS\PFE\PFE\DEBUG\LECTURE_ECRITURE.OBJ
C:\USERS\SCORPION\DOCUMENTS\VISUAL STUDIO 2012\PROJECTS\PFE\PFE\DEBUG\MAIN.OBJ
C:\USERS\SCORPION\DOCUMENTS\VISUAL STUDIO 2012\PROJECTS\PFE\PFE\DEBUG\SIMULATION.OBJ
C:\USERS\SCORPION\DOCUMENTS\VISUAL STUDIO 2012\PROJECTS\PFE\PFE\DEBUG\VORONOI.OBJ
C:\USERS\SCORPION\DOCUMENTS\VISUAL STUDIO 2012\PROJECTS\PFE\PFE\DEBUG\VC110.PDB
C:\USERS\SCORPION\DOCUMENTS\VISUAL STUDIO 2012\PROJECTS\PFE\DEBUG\PFE.EXE
C:\USERS\SCORPION\DOCUMENTS\VISUAL STUDIO 2012\PROJECTS\PFE\DEBUG\PFE.PDB
c:\Users\scorpion\documents\visual studio 2012\Projects\pfe\pfe\Debug\calcullois.obj
c:\Users\scorpion\documents\visual studio 2012\Projects\pfe\pfe\Debug\calcul_matrice.obj
c:\Users\scorpion\documents\visual studio 2012\Projects\pfe\pfe\Debug\lecture_ecriture.obj
c:\Users\scorpion\documents\visual studio 2012\Projects\pfe\pfe\Debug\main.obj
c:\Users\scorpion\documents\visual studio 2012\Projects\pfe\pfe\Debug\Simulation.obj
c:\Users\scorpion\documents\visual studio 2012\Projects\pfe\pfe\Debug\Voronoi.obj
c:\Users\scorpion\documents\visual studio 2012\Projects\pfe\pfe\Debug\cl.command.1.tlog
c:\Users\scorpion\documents\visual studio 2012\Projects\pfe\pfe\Debug\CL.read.1.tlog
c:\Users\scorpion\documents\visual studio 2012\Projects\pfe\pfe\Debug\CL.write.1.tlog
c:\Users\scorpion\documents\visual studio 2012\Projects\pfe\pfe\Debug\link-cvtres.read.1.tlog
c:\Users\scorpion\documents\visual studio 2012\Projects\pfe\pfe\Debug\link-cvtres.write.1.tlog
c:\Users\scorpion\documents\visual studio 2012\Projects\pfe\pfe\Debug\link-rc.read.1.tlog
c:\Users\scorpion\documents\visual studio 2012\Projects\pfe\pfe\Debug\link-rc.write.1.tlog
c:\Users\scorpion\documents\visual studio 2012\Projects\pfe\pfe\Debug\link.1092-cvtres.read.1.tlog
c:\Users\scorpion\documents\visual studio 2012\Projects\pfe\pfe\Debug\link.1092-cvtres.write.1.tlog
c:\Users\scorpion\documents\visual studio 2012\Projects\pfe\pfe\Debug\link.1092-rc.read.1.tlog
c:\Users\scorpion\documents\visual studio 2012\Projects\pfe\pfe\Debug\link.1092-rc.write.1.tlog
c:\Users\scorpion\documents\visual studio 2012\Projects\pfe\pfe\Debug\link.1092.read.1.tlog
c:\Users\scorpion\documents\visual studio 2012\Projects\pfe\pfe\Debug\link.1092.write.1.tlog
c:\Users\scorpion\documents\visual studio 2012\Projects\pfe\pfe\Debug\link.3568-cvtres.read.1.tlog
c:\Users\scorpion\documents\visual studio 2012\Projects\pfe\pfe\Debug\link.3568-cvtres.write.1.tlog
c:\Users\scorpion\documents\visual studio 2012\Projects\pfe\pfe\Debug\link.3568-rc.read.1.tlog
c:\Users\scorpion\documents\visual studio 2012\Projects\pfe\pfe\Debug\link.3568-rc.write.1.tlog
c:\Users\scorpion\documents\visual studio 2012\Projects\pfe\pfe\Debug\link.3568.read.1.tlog
c:\Users\scorpion\documents\visual studio 2012\Projects\pfe\pfe\Debug\link.3568.write.1.tlog
c:\Users\scorpion\documents\visual studio 2012\Projects\pfe\pfe\Debug\link.command.1.tlog
c:\Users\scorpion\documents\visual studio 2012\Projects\pfe\pfe\Debug\link.read.1.tlog
c:\Users\scorpion\documents\visual studio 2012\Projects\pfe\pfe\Debug\link.write.1.tlog
c:\Users\scorpion\documents\visual studio 2012\Projects\pfe\pfe\Debug\vc110.idb
c:\Users\scorpion\documents\visual studio 2012\Projects\pfe\pfe\Debug\vc110.pdb
c:\users\scorpion\documents\visual studio 2012\Projects\pfe\Debug\pfe.pdb
c:\users\scorpion\documents\visual studio 2012\Projects\pfe\Debug\pfe.exe
