La génération a démarré 19/01/2013 22:52:59.
     1>Projet "c:\Users\scorpion\documents\visual studio 2012\Projects\pfe\pfe\pfe.vcxproj" sur le nœud 2 (Build cible(s)).
     1>ClCompile:
         C:\Program Files (x86)\Microsoft Visual Studio 11.0\VC\bin\CL.exe /c /ZI /nologo /W3 /WX- /Od /Oy- /D _MBCS /Gm /EHsc /RTC1 /MDd /GS /fp:precise /Zc:wchar_t /Zc:forScope /Fo"Debug\\" /Fd"Debug\vc110.pdb" /Gd /TP /analyze- /errorReport:prompt lecture_ecriture.cpp main.cpp
         main.cpp
         lecture_ecriture.cpp
     1>c:\users\scorpion\documents\visual studio 2012\projects\pfe\pfe\lecture_ecriture.cpp(240): warning C4018: '<' : incompatibilité signed/unsigned
     1>c:\program files (x86)\microsoft visual studio 11.0\vc\include\xutility(2176): warning C4996: 'std::_Copy_impl': Function call with parameters that may be unsafe - this call relies on the caller to check that the passed values are correct. To disable this warning, use -D_SCL_SECURE_NO_WARNINGS. See documentation on how to use Visual C++ 'Checked Iterators'
                 c:\program files (x86)\microsoft visual studio 11.0\vc\include\xutility(2157) : voir la déclaration de 'std::_Copy_impl'
                 c:\users\scorpion\documents\visual studio 2012\projects\boost\boost\algorithm\string\detail\classification.hpp(102) : voir la référence à l'instanciation de la fonction modèle '_OutIt std::copy<const char*,char*>(_InIt,_InIt,_OutIt)' en cours de compilation
                 with
                 [
                     _OutIt=char *,
                     _InIt=const char *
                 ]
                 c:\users\scorpion\documents\visual studio 2012\projects\boost\boost\algorithm\string\classification.hpp(206) : voir la référence à l'instanciation de la fonction modèle 'boost::algorithm::detail::is_any_ofF<CharT>::is_any_ofF<boost::iterator_range<IteratorT>>(const RangeT &)' en cours de compilation
                 with
                 [
                     CharT=char,
                     IteratorT=const char *,
                     RangeT=boost::iterator_range<const char *>
                 ]
                 c:\users\scorpion\documents\visual studio 2012\projects\boost\boost\algorithm\string\classification.hpp(206) : voir la référence à l'instanciation de la fonction modèle 'boost::algorithm::detail::is_any_ofF<CharT>::is_any_ofF<boost::iterator_range<IteratorT>>(const RangeT &)' en cours de compilation
                 with
                 [
                     CharT=char,
                     IteratorT=const char *,
                     RangeT=boost::iterator_range<const char *>
                 ]
                 c:\users\scorpion\documents\visual studio 2012\projects\pfe\pfe\lecture_ecriture.cpp(66) : voir la référence à l'instanciation de la fonction modèle 'boost::algorithm::detail::is_any_ofF<CharT> boost::algorithm::is_any_of<const char[2]>(RangeT (&))' en cours de compilation
                 with
                 [
                     CharT=char,
                     RangeT=const char [2]
                 ]
         Génération de code en cours...
       Link:
         C:\Program Files (x86)\Microsoft Visual Studio 11.0\VC\bin\link.exe /ERRORREPORT:PROMPT /OUT:"c:\users\scorpion\documents\visual studio 2012\Projects\pfe\Debug\pfe.exe" /INCREMENTAL /NOLOGO /LIBPATH:"C:\Program Files (x86)\GnuWin32" kernel32.lib user32.lib gdi32.lib winspool.lib comdlg32.lib advapi32.lib shell32.lib ole32.lib oleaut32.lib uuid.lib odbc32.lib odbccp32.lib /MANIFEST /MANIFESTUAC:"level='asInvoker' uiAccess='false'" /manifest:embed /DEBUG /PDB:"c:\users\scorpion\documents\visual studio 2012\Projects\pfe\Debug\pfe.pdb" /OPT:REF /OPT:ICF /TLBID:1 /DYNAMICBASE /NXCOMPAT /IMPLIB:"c:\users\scorpion\documents\visual studio 2012\Projects\pfe\Debug\pfe.lib" /MACHINE:X86 Debug\calcullois.obj
         Debug\calcul_matrice.obj
         Debug\lecture_ecriture.obj
         Debug\main.obj
         Debug\Simulation.obj
         Debug\Voronoi.obj
         "..\..\..\..\..\..\..\Program Files (x86)\GnuWin32\lib\libtiff.lib"
         libcsparse.lib
     1>LINK : warning LNK4075: ' /INCREMENTAL' ignoré à cause de la spécification '/OPT:ICF'
     1>calcullois.obj : warning LNK4075: ' /EDITANDCONTINUE' ignoré à cause de la spécification '/OPT:ICF'
         pfe.vcxproj -> c:\users\scorpion\documents\visual studio 2012\Projects\pfe\Debug\pfe.exe
     1>Génération du projet "c:\Users\scorpion\documents\visual studio 2012\Projects\pfe\pfe\pfe.vcxproj" terminée (Build cible(s)).

La génération a réussi.

Temps écoulé 00:00:10.10
